{"total": {"lines":{"total":8,"covered":6,"skipped":0,"pct":75},"statements":{"total":8,"covered":6,"skipped":0,"pct":75},"functions":{"total":4,"covered":3,"skipped":0,"pct":75},"branches":{"total":4,"covered":3,"skipped":0,"pct":75},"branchesTrue":{"total":0,"covered":0,"skipped":0,"pct":100}}
,"/home/runner/work/docusaurus-mono-starter/docusaurus-mono-starter/src/index.ts": {"lines":{"total":2,"covered":0,"skipped":0,"pct":0},"functions":{"total":1,"covered":0,"skipped":0,"pct":0},"statements":{"total":2,"covered":0,"skipped":0,"pct":0},"branches":{"total":0,"covered":0,"skipped":0,"pct":100}}
,"/home/runner/work/docusaurus-mono-starter/docusaurus-mono-starter/src/str/str-camel-case.ts": {"lines":{"total":6,"covered":6,"skipped":0,"pct":100},"functions":{"total":3,"covered":3,"skipped":0,"pct":100},"statements":{"total":6,"covered":6,"skipped":0,"pct":100},"branches":{"total":4,"covered":3,"skipped":0,"pct":75}}
}
